#
# There is insufficient memory for the Java Runtime Environment to continue.
# Native memory allocation (mmap) failed to map 132120576 bytes. Error detail: G1 virtual space
# Possible reasons:
#   The system is out of physical RAM or swap space
#   This process is running with CompressedOops enabled, and the Java Heap may be blocking the growth of the native heap
# Possible solutions:
#   Reduce memory load on the system
#   Increase physical memory or swap space
#   Check if swap backing store is full
#   Decrease Java heap size (-Xmx/-Xms)
#   Decrease number of Java threads
#   Decrease Java thread stack sizes (-Xss)
#   Set larger code cache with -XX:ReservedCodeCacheSize=
#   JVM is running with Unscaled Compressed Oops mode in which the Java heap is
#     placed in the first 4GB address space. The Java Heap base address is the
#     maximum limit for the native heap growth. Please use -XX:HeapBaseMinAddress
#     to set the Java Heap base and to place the Java Heap above 4GB virtual address.
# This output file may be truncated or incomplete.
#
#  Out of Memory Error (os_windows.cpp:3613), pid=15608, tid=14892
#
# JRE version:  (17.0.12+7) (build )
# Java VM: OpenJDK 64-Bit Server VM (17.0.12+7-LTS, mixed mode, sharing, tiered, compressed oops, compressed class ptrs, g1 gc, windows-amd64)
# No core dump will be written. Minidumps are not enabled by default on client versions of Windows
#

---------------  S U M M A R Y ------------

Command Line: -agentlib:jdwp=transport=dt_socket,address=127.0.0.1:51386,suspend=y,server=n -javaagent:C:\Users\Acer\AppData\Local\JetBrains\IntelliJIdea2024.1\captureAgent\debugger-agent.jar -Dfile.encoding=UTF-8 uz.pdp.GroupBot

Host: Intel(R) Core(TM) i5-1035G4 CPU @ 1.10GHz, 8 cores, 7G,  Windows 11 , 64 bit Build 22621 (10.0.22621.3958)
Time: Thu Aug 22 23:34:28 2024 West Asia Standard Time elapsed time: 0.028084 seconds (0d 0h 0m 0s)

---------------  T H R E A D  ---------------

Current thread (0x000001508ebb7ec0):  JavaThread "Unknown thread" [_thread_in_vm, id=14892, stack(0x0000000375600000,0x0000000375700000)]

Stack: [0x0000000375600000,0x0000000375700000]
Native frames: (J=compiled Java code, j=interpreted, Vv=VM code, C=native code)
V  [jvm.dll+0x67f4f9]
V  [jvm.dll+0x836eaa]
V  [jvm.dll+0x83896e]
V  [jvm.dll+0x838fd3]
V  [jvm.dll+0x247f6f]
V  [jvm.dll+0x67c2b9]
V  [jvm.dll+0x670d7a]
V  [jvm.dll+0x307b5b]
V  [jvm.dll+0x30f046]
V  [jvm.dll+0x35f22e]
V  [jvm.dll+0x35f46f]
V  [jvm.dll+0x2deb7c]
V  [jvm.dll+0x2dfad4]
V  [jvm.dll+0x80870b]
V  [jvm.dll+0x36cfa1]
V  [jvm.dll+0x7e70f5]
V  [jvm.dll+0x3f0adf]
V  [jvm.dll+0x3f2631]
C  [jli.dll+0x528f]
C  [ucrtbase.dll+0x29333]
C  [KERNEL32.DLL+0x1257d]
C  [ntdll.dll+0x5af28]


---------------  P R O C E S S  ---------------

Threads class SMR info:
_java_thread_list=0x00007ffc30696f18, length=0, elements={
}

Java Threads: ( => current thread )

Other Threads:
  0x000001508ec173f0 GCTaskThread "GC Thread#0" [stack: 0x0000000375700000,0x0000000375800000] [id=14556]
  0x000001508ec27c40 ConcurrentGCThread "G1 Main Marker" [stack: 0x0000000375800000,0x0000000375900000] [id=6892]
  0x000001508ec28e00 ConcurrentGCThread "G1 Conc#0" [stack: 0x0000000375900000,0x0000000375a00000] [id=15868]

[error occurred during error reporting (printing all threads), id 0xc0000005, EXCEPTION_ACCESS_VIOLATION (0xc0000005) at pc=0x00007ffc2fe4f277]

VM state: not at safepoint (not fully initialized)

VM Mutex/Monitor currently owned by a thread:  ([mutex/lock_event])
[0x000001508ebb29a0] Heap_lock - owner thread: 0x000001508ebb7ec0

Heap address: 0x0000000083800000, size: 1992 MB, Compressed Oops mode: 32-bit

CDS archive(s) mapped at: [0x0000000000000000-0x0000000000000000-0x0000000000000000), size 0, SharedBaseAddress: 0x0000000800000000, ArchiveRelocationMode: 1.
Narrow klass base: 0x0000000000000000, Narrow klass shift: 0, Narrow klass range: 0x0

GC Precious Log:
<Empty>

Heap:
 garbage-first heap   total 0K, used 0K [0x0000000083800000, 0x0000000100000000)
  region size 1024K, 0 young (0K), 0 survivors (0K)

[error occurred during error reporting (printing heap information), id 0xc0000005, EXCEPTION_ACCESS_VIOLATION (0xc0000005) at pc=0x00007ffc30238829]

GC Heap History (0 events):
No events

Dll operation events (2 events):
Event: 0.019 Loaded shared library C:\Users\Acer\.jdks\corretto-17.0.12\bin\java.dll
Event: 0.021 Loaded shared library C:\Users\Acer\.jdks\corretto-17.0.12\bin\zip.dll

Deoptimization events (0 events):
No events

Classes loaded (0 events):
No events

Classes unloaded (0 events):
No events

Classes redefined (0 events):
No events

Internal exceptions (0 events):
No events

VM Operations (0 events):
No events

Events (0 events):
No events


Dynamic libraries:
0x00007ff7ee610000 - 0x00007ff7ee61e000 	C:\Users\Acer\.jdks\corretto-17.0.12\bin\java.exe
0x00007ffc799d0000 - 0x00007ffc79be7000 	C:\Windows\SYSTEM32\ntdll.dll
0x00007ffc785a0000 - 0x00007ffc78664000 	C:\Windows\System32\KERNEL32.DLL
0x00007ffc77140000 - 0x00007ffc774ed000 	C:\Windows\System32\KERNELBASE.dll
0x00007ffc77560000 - 0x00007ffc77671000 	C:\Windows\System32\ucrtbase.dll
0x00007ffc6d3a0000 - 0x00007ffc6d3bb000 	C:\Users\Acer\.jdks\corretto-17.0.12\bin\VCRUNTIME140.dll
0x00007ffc6c250000 - 0x00007ffc6c267000 	C:\Users\Acer\.jdks\corretto-17.0.12\bin\jli.dll
0x00007ffc77700000 - 0x00007ffc778ae000 	C:\Windows\System32\USER32.dll
0x00007ffc77110000 - 0x00007ffc77136000 	C:\Windows\System32\win32u.dll
0x00007ffc60bb0000 - 0x00007ffc60e43000 	C:\Windows\WinSxS\amd64_microsoft.windows.common-controls_6595b64144ccf1df_6.0.22621.3672_none_2713b9d173822955\COMCTL32.dll
0x00007ffc794f0000 - 0x00007ffc79519000 	C:\Windows\System32\GDI32.dll
0x00007ffc77ff0000 - 0x00007ffc78097000 	C:\Windows\System32\msvcrt.dll
0x00007ffc76cf0000 - 0x00007ffc76e09000 	C:\Windows\System32\gdi32full.dll
0x00007ffc76e10000 - 0x00007ffc76eaa000 	C:\Windows\System32\msvcp_win.dll
0x00007ffc77f50000 - 0x00007ffc77f81000 	C:\Windows\System32\IMM32.DLL
0x00007ffc6d390000 - 0x00007ffc6d39c000 	C:\Users\Acer\.jdks\corretto-17.0.12\bin\vcruntime140_1.dll
0x00007ffc47d50000 - 0x00007ffc47ddd000 	C:\Users\Acer\.jdks\corretto-17.0.12\bin\msvcp140.dll
0x00007ffc2fb60000 - 0x00007ffc307ca000 	C:\Users\Acer\.jdks\corretto-17.0.12\bin\server\jvm.dll
0x00007ffc786f0000 - 0x00007ffc787a2000 	C:\Windows\System32\ADVAPI32.dll
0x00007ffc778b0000 - 0x00007ffc77959000 	C:\Windows\System32\sechost.dll
0x00007ffc76eb0000 - 0x00007ffc76ed8000 	C:\Windows\System32\bcrypt.dll
0x00007ffc77960000 - 0x00007ffc77a74000 	C:\Windows\System32\RPCRT4.dll
0x00007ffc77cd0000 - 0x00007ffc77d41000 	C:\Windows\System32\WS2_32.dll
0x00007ffc76bb0000 - 0x00007ffc76bfd000 	C:\Windows\SYSTEM32\POWRPROF.dll
0x00007ffc6ea40000 - 0x00007ffc6ea4a000 	C:\Windows\SYSTEM32\VERSION.dll
0x00007ffc6f740000 - 0x00007ffc6f774000 	C:\Windows\SYSTEM32\WINMM.dll
0x00007ffc76b90000 - 0x00007ffc76ba3000 	C:\Windows\SYSTEM32\UMPDC.dll
0x00007ffc75d20000 - 0x00007ffc75d38000 	C:\Windows\SYSTEM32\kernel.appcore.dll
0x00007ffc68fa0000 - 0x00007ffc68faa000 	C:\Users\Acer\.jdks\corretto-17.0.12\bin\jimage.dll
0x00007ffc741a0000 - 0x00007ffc743d2000 	C:\Windows\SYSTEM32\DBGHELP.DLL
0x00007ffc79520000 - 0x00007ffc798ad000 	C:\Windows\System32\combase.dll
0x00007ffc784c0000 - 0x00007ffc78597000 	C:\Windows\System32\OLEAUT32.dll
0x00007ffc58aa0000 - 0x00007ffc58ad2000 	C:\Windows\SYSTEM32\dbgcore.DLL
0x00007ffc77680000 - 0x00007ffc776fb000 	C:\Windows\System32\bcryptPrimitives.dll
0x00007ffc67f40000 - 0x00007ffc67f7b000 	C:\Users\Acer\.jdks\corretto-17.0.12\bin\jdwp.dll
0x00007ffc67f30000 - 0x00007ffc67f3e000 	C:\Users\Acer\.jdks\corretto-17.0.12\bin\instrument.dll
0x00007ffc68e00000 - 0x00007ffc68e25000 	C:\Users\Acer\.jdks\corretto-17.0.12\bin\java.dll
0x00007ffc47d30000 - 0x00007ffc47d48000 	C:\Users\Acer\.jdks\corretto-17.0.12\bin\zip.dll

dbghelp: loaded successfully - version: 4.0.5 - missing functions: none
symbol engine: initialized successfully - sym options: 0x614 - pdb path: .;C:\Users\Acer\.jdks\corretto-17.0.12\bin;C:\Windows\SYSTEM32;C:\Windows\WinSxS\amd64_microsoft.windows.common-controls_6595b64144ccf1df_6.0.22621.3672_none_2713b9d173822955;C:\Users\Acer\.jdks\corretto-17.0.12\bin\server

VM Arguments:
jvm_args: -agentlib:jdwp=transport=dt_socket,address=127.0.0.1:51386,suspend=y,server=n -javaagent:C:\Users\Acer\AppData\Local\JetBrains\IntelliJIdea2024.1\captureAgent\debugger-agent.jar -Dfile.encoding=UTF-8 
java_command: uz.pdp.GroupBot
java_class_path (initial): C:\Users\Acer\OneDrive\Рабочий стол\BeshariqToshkent\target\classes;C:\Users\Acer\.m2\repository\com\github\pengrad\java-telegram-bot-api\7.2.1\java-telegram-bot-api-7.2.1.jar;C:\Users\Acer\.m2\repository\com\google\code\gson\gson\2.10.1\gson-2.10.1.jar;C:\Users\Acer\.m2\repository\com\squareup\okhttp3\okhttp\4.12.0\okhttp-4.12.0.jar;C:\Users\Acer\.m2\repository\com\squareup\okio\okio\3.6.0\okio-3.6.0.jar;C:\Users\Acer\.m2\repository\com\squareup\okio\okio-jvm\3.6.0\okio-jvm-3.6.0.jar;C:\Users\Acer\.m2\repository\org\jetbrains\kotlin\kotlin-stdlib-common\1.9.10\kotlin-stdlib-common-1.9.10.jar;C:\Users\Acer\.m2\repository\org\jetbrains\kotlin\kotlin-stdlib-jdk8\1.8.21\kotlin-stdlib-jdk8-1.8.21.jar;C:\Users\Acer\.m2\repository\org\jetbrains\kotlin\kotlin-stdlib\1.8.21\kotlin-stdlib-1.8.21.jar;C:\Users\Acer\.m2\repository\org\jetbrains\annotations\13.0\annotations-13.0.jar;C:\Users\Acer\.m2\repository\org\jetbrains\kotlin\kotlin-stdlib-jdk7\1.8.21\kotlin-stdlib-jdk7-1.8.21.jar;C:\Users\Acer\.m2\repository\com\squareup\okhttp3\logging-interceptor\4.12.0\logging-interceptor-4.12.0.jar;C:\Users\Acer\.m2\repository\org\postgresql\postgresql\42.7.3\postgresql-42.7.3.jar;C:\Users\Acer\.m2\repository\org\checkerframework\checker-qual\3.42.0\checker-qual-3.42.0.jar;C:\Users\Acer\.m2\repository\org\slf4j\slf4j-api\2.1.0-alpha1\slf4j-api-2.1.0-alpha1.jar;C:\Users\Acer\.m2\repository\org\projectlombok\lombok\1.18.34\lombok-1.18.34.jar;C:\Users\Acer\AppData\Local\Programs\IntelliJ IDEA Ultimate\lib\idea_rt.jar
Launcher Type: SUN_STANDARD

[Global flags]
     intx CICompilerCount                          = 4                                         {product} {ergonomic}
     uint ConcGCThreads                            = 2                                         {product} {ergonomic}
     uint G1ConcRefinementThreads                  = 8                                         {product} {ergonomic}
   size_t G1HeapRegionSize                         = 1048576                                   {product} {ergonomic}
    uintx GCDrainStackTargetSize                   = 64                                        {product} {ergonomic}
   size_t InitialHeapSize                          = 132120576                                 {product} {ergonomic}
   size_t MarkStackSize                            = 4194304                                   {product} {ergonomic}
   size_t MaxHeapSize                              = 2088763392                                {product} {ergonomic}
   size_t MinHeapDeltaBytes                        = 1048576                                   {product} {ergonomic}
   size_t MinHeapSize                              = 8388608                                   {product} {ergonomic}
    uintx NonNMethodCodeHeapSize                   = 5839372                                {pd product} {ergonomic}
    uintx NonProfiledCodeHeapSize                  = 122909434                              {pd product} {ergonomic}
    uintx ProfiledCodeHeapSize                     = 122909434                              {pd product} {ergonomic}
    uintx ReservedCodeCacheSize                    = 251658240                              {pd product} {ergonomic}
     bool SegmentedCodeCache                       = true                                      {product} {ergonomic}
   size_t SoftMaxHeapSize                          = 2088763392                             {manageable} {ergonomic}
     bool UseCompressedClassPointers               = true                           {product lp64_product} {ergonomic}
     bool UseCompressedOops                        = true                           {product lp64_product} {ergonomic}
     bool UseG1GC                                  = true                                      {product} {ergonomic}
     bool UseLargePagesIndividualAllocation        = false                                  {pd product} {ergonomic}

Logging:
Log output configuration:
 #0: stdout all=warning uptime,level,tags
 #1: stderr all=off uptime,level,tags

Environment Variables:
PATH=C:\Program Files\Common Files\Oracle\Java\javapath;C:\Windows\system32;C:\Windows;C:\Windows\System32\Wbem;C:\Windows\System32\WindowsPowerShell\v1.0\;C:\Windows\System32\OpenSSH\;C:\Program Files\dotnet\;C:\Program Files\Git\cmd;C:\Program Files\PostgreSQL\16\bin;C:\Program Files\Cloudflare\Cloudflare WARP\;C:\Users\Acer\AppData\Local\Programs\Python\Launcher\;C:\Users\Acer\AppData\Local\Microsoft\WindowsApps;C:\Users\Acer\AppData\Local\JetBrains\Toolbox\scripts;C:\Program Files\heroku\bin
USERNAME=Acer
OS=Windows_NT
PROCESSOR_IDENTIFIER=Intel64 Family 6 Model 126 Stepping 5, GenuineIntel
TMP=C:\Users\Acer\AppData\Local\Temp
TEMP=C:\Users\Acer\AppData\Local\Temp



Periodic native trim disabled


---------------  S Y S T E M  ---------------

OS:
 Windows 11 , 64 bit Build 22621 (10.0.22621.3958)
OS uptime: 0 days 0:17 hours

CPU: total 8 (initial active 8) (4 cores per cpu, 2 threads per core) family 6 model 126 stepping 5 microcode 0x96, cx8, cmov, fxsr, ht, mmx, 3dnowpref, sse, sse2, sse3, ssse3, sse4.1, sse4.2, popcnt, lzcnt, tsc, tscinvbit, avx, avx2, aes, erms, clmul, bmi1, bmi2, adx, avx512f, avx512dq, avx512cd, avx512bw, avx512vl, sha, fma, vzeroupper, avx512_vpopcntdq, avx512_vpclmulqdq, avx512_vaes, avx512_vnni, clflush, clflushopt, avx512_vbmi2, avx512_vbmi
Processor Information for all 8 processors :
  Max Mhz: 1498, Current Mhz: 1098, Mhz Limit: 1093

Memory: 4k page, system-wide physical 7963M (495M free)
TotalPageFile size 12059M (AvailPageFile size 118M)
current process WorkingSet (physical memory assigned to process): 11M, peak: 11M
current process commit charge ("private bytes"): 60M, peak: 186M

vm_info: OpenJDK 64-Bit Server VM (17.0.12+7-LTS) for windows-amd64 JRE (17.0.12+7-LTS), built on Jul 10 2024 20:46:33 by "Administrator" with MS VC++ 16.10 / 16.11 (VS2019)

END.
